<?xml version="1.0" encoding="UTF-8"?>
<testng-results ignored="0" total="1" passed="0" failed="1" skipped="0">
  <reporter-output>
  </reporter-output>
  <suite started-at="2022-11-21T15:09:33 IST" name="Default suite" finished-at="2022-11-21T15:10:40 IST" duration-ms="66551">
    <groups>
    </groups>
    <test started-at="2022-11-21T15:09:33 IST" name="Default test" finished-at="2022-11-21T15:10:40 IST" duration-ms="66551">
      <class name="Login_Test_Module1.MoneyCLoginTest_exm1">
        <test-method is-config="true" signature="OpenBrowser()[pri:0, instance:Login_Test_Module1.MoneyCLoginTest_exm1@71a8adcf]" started-at="2022-11-21T15:09:33 IST" name="OpenBrowser" finished-at="2022-11-21T15:09:54 IST" duration-ms="20912" status="PASS">
          <reporter-output>
          </reporter-output>
        </test-method> <!-- OpenBrowser -->
        <test-method is-config="true" signature="LogToApp()[pri:0, instance:Login_Test_Module1.MoneyCLoginTest_exm1@71a8adcf]" started-at="2022-11-21T15:09:54 IST" name="LogToApp" finished-at="2022-11-21T15:10:31 IST" duration-ms="37203" status="PASS">
          <reporter-output>
          </reporter-output>
        </test-method> <!-- LogToApp -->
        <test-method signature="VerifyUserId()[pri:0, instance:Login_Test_Module1.MoneyCLoginTest_exm1@71a8adcf]" started-at="2022-11-21T15:10:31 IST" name="VerifyUserId" finished-at="2022-11-21T15:10:36 IST" duration-ms="4570" status="FAIL">
          <exception class="java.lang.AssertionError">
            <message>
              <![CDATA[Failed: both results are diff expected [] but found [Hi Priyanka Khaire]]]>
            </message>
            <full-stacktrace>
              <![CDATA[java.lang.AssertionError: Failed: both results are diff expected [] but found [Hi Priyanka Khaire]
at org.testng.Assert.fail(Assert.java:99)
at org.testng.Assert.failNotEquals(Assert.java:1037)
at org.testng.Assert.assertEqualsImpl(Assert.java:140)
at org.testng.Assert.assertEquals(Assert.java:122)
at org.testng.Assert.assertEquals(Assert.java:629)
at Login_Test_Module1.MoneyCLoginTest_exm1.VerifyUserId(MoneyCLoginTest_exm1.java:68)
at java.base/jdk.internal.reflect.NativeMethodAccessorImpl.invoke0(Native Method)
at java.base/jdk.internal.reflect.NativeMethodAccessorImpl.invoke(NativeMethodAccessorImpl.java:62)
at java.base/jdk.internal.reflect.DelegatingMethodAccessorImpl.invoke(DelegatingMethodAccessorImpl.java:43)
at java.base/java.lang.reflect.Method.invoke(Method.java:566)
at org.testng.internal.MethodInvocationHelper.invokeMethod(MethodInvocationHelper.java:133)
at org.testng.internal.TestInvoker.invokeMethod(TestInvoker.java:598)
at org.testng.internal.TestInvoker.invokeTestMethod(TestInvoker.java:173)
at org.testng.internal.MethodRunner.runInSequence(MethodRunner.java:46)
at org.testng.internal.TestInvoker$MethodInvocationAgent.invoke(TestInvoker.java:824)
at org.testng.internal.TestInvoker.invokeTestMethods(TestInvoker.java:146)
at org.testng.internal.TestMethodWorker.invokeTestMethods(TestMethodWorker.java:146)
at org.testng.internal.TestMethodWorker.run(TestMethodWorker.java:128)
at java.base/java.util.ArrayList.forEach(ArrayList.java:1541)
at org.testng.TestRunner.privateRun(TestRunner.java:794)
at org.testng.TestRunner.run(TestRunner.java:596)
at org.testng.SuiteRunner.runTest(SuiteRunner.java:377)
at org.testng.SuiteRunner.runSequentially(SuiteRunner.java:371)
at org.testng.SuiteRunner.privateRun(SuiteRunner.java:332)
at org.testng.SuiteRunner.run(SuiteRunner.java:276)
at org.testng.SuiteRunnerWorker.runSuite(SuiteRunnerWorker.java:53)
at org.testng.SuiteRunnerWorker.run(SuiteRunnerWorker.java:96)
at org.testng.TestNG.runSuitesSequentially(TestNG.java:1212)
at org.testng.TestNG.runSuitesLocally(TestNG.java:1134)
at org.testng.TestNG.runSuites(TestNG.java:1063)
at org.testng.TestNG.run(TestNG.java:1031)
at org.testng.remote.AbstractRemoteTestNG.run(AbstractRemoteTestNG.java:115)
at org.testng.remote.RemoteTestNG.initAndRun(RemoteTestNG.java:251)
at org.testng.remote.RemoteTestNG.main(RemoteTestNG.java:77)
]]>
            </full-stacktrace>
          </exception> <!-- java.lang.AssertionError -->
          <reporter-output>
          </reporter-output>
        </test-method> <!-- VerifyUserId -->
        <test-method is-config="true" signature="TakeScreenshot(org.testng.ITestResult)[pri:0, instance:Login_Test_Module1.MoneyCLoginTest_exm1@71a8adcf]" started-at="2022-11-21T15:10:36 IST" name="TakeScreenshot" finished-at="2022-11-21T15:10:39 IST" duration-ms="2995" status="PASS">
          <params>
            <param index="0">
              <value>
                <![CDATA[[TestResult name=VerifyUserId status=FAILURE method=MoneyCLoginTest_exm1.VerifyUserId()[pri:0, instance:Login_Test_Module1.MoneyCLoginTest_exm1@71a8adcf] output={null}]]]>
              </value>
            </param>
          </params>
          <reporter-output>
          </reporter-output>
        </test-method> <!-- TakeScreenshot -->
        <test-method is-config="true" signature="closeBrowser()[pri:0, instance:Login_Test_Module1.MoneyCLoginTest_exm1@71a8adcf]" started-at="2022-11-21T15:10:39 IST" name="closeBrowser" finished-at="2022-11-21T15:10:40 IST" duration-ms="810" status="PASS">
          <reporter-output>
          </reporter-output>
        </test-method> <!-- closeBrowser -->
      </class> <!-- Login_Test_Module1.MoneyCLoginTest_exm1 -->
    </test> <!-- Default test -->
  </suite> <!-- Default suite -->
</testng-results>
